2025-09-13 10:31:27 0 [Note] Starting MariaDB 10.4.32-MariaDB source revision c4143f909528e3fab0677a28631d10389354c491 as process 73576
2025-09-13 10:31:27 0 [Note] InnoDB: Mutexes and rw_locks use Windows interlocked functions
2025-09-13 10:31:27 0 [Note] InnoDB: Uses event mutexes
2025-09-13 10:31:27 0 [Note] InnoDB: Compressed tables use zlib 1.3
2025-09-13 10:31:27 0 [Note] InnoDB: Number of pools: 1
2025-09-13 10:31:27 0 [Note] InnoDB: Using SSE2 crc32 instructions
2025-09-13 10:31:27 0 [Note] InnoDB: Initializing buffer pool, total size = 16M, instances = 1, chunk size = 16M
2025-09-13 10:31:27 0 [Note] InnoDB: Completed initialization of buffer pool
2025-09-13 10:31:27 0 [Note] InnoDB: Starting crash recovery from checkpoint LSN=300288
2025-09-13 10:31:28 0 [Note] InnoDB: 128 out of 128 rollback segments are active.
2025-09-13 10:31:28 0 [Note] InnoDB: Removed temporary tablespace data file: "ibtmp1"
2025-09-13 10:31:28 0 [Note] InnoDB: Creating shared tablespace for temporary tables
2025-09-13 10:31:28 0 [Note] InnoDB: Setting file 'C:\xampp\mysql\data\ibtmp1' size to 12 MB. Physically writing the file full; Please wait ...
2025-09-13 10:31:28 0 [Note] InnoDB: File 'C:\xampp\mysql\data\ibtmp1' size is now 12 MB.
2025-09-13 10:31:28 0 [Note] InnoDB: Waiting for purge to start
2025-09-13 10:31:28 0 [Note] InnoDB: 10.4.32 started; log sequence number 300297; transaction id 170
2025-09-13 10:31:28 0 [Note] InnoDB: Loading buffer pool(s) from C:\xampp\mysql\data\ib_buffer_pool
2025-09-13 10:31:28 0 [Note] Plugin 'FEEDBACK' is disabled.
2025-09-13 10:31:28 0 [Note] InnoDB: Buffer pool(s) load completed at 250913 10:31:28
2025-09-13 10:31:28 0 [Note] Server socket created on IP: '::'.
2025-09-13 21:04:50 0 [Note] Starting MariaDB 10.4.32-MariaDB source revision c4143f909528e3fab0677a28631d10389354c491 as process 69768
2025-09-13 21:04:50 0 [Note] mysqld.exe: Aria engine: starting recovery
recovered pages: 0% 14% 56% 84% 95% 100% (0.0 seconds); tables to flush: 2 1 0
 (0.0 seconds); 
2025-09-13 21:04:50 0 [Note] mysqld.exe: Aria engine: recovery done
2025-09-13 21:04:50 0 [Note] InnoDB: Mutexes and rw_locks use Windows interlocked functions
2025-09-13 21:04:50 0 [Note] InnoDB: Uses event mutexes
2025-09-13 21:04:50 0 [Note] InnoDB: Compressed tables use zlib 1.3
2025-09-13 21:04:50 0 [Note] InnoDB: Number of pools: 1
2025-09-13 21:04:50 0 [Note] InnoDB: Using SSE2 crc32 instructions
2025-09-13 21:04:50 0 [Note] InnoDB: Initializing buffer pool, total size = 16M, instances = 1, chunk size = 16M
2025-09-13 21:04:50 0 [Note] InnoDB: Completed initialization of buffer pool
2025-09-13 21:04:50 0 [Note] InnoDB: Starting crash recovery from checkpoint LSN=307090
2025-09-13 21:04:50 0 [Note] InnoDB: 128 out of 128 rollback segments are active.
2025-09-13 21:04:50 0 [Note] InnoDB: Removed temporary tablespace data file: "ibtmp1"
2025-09-13 21:04:50 0 [Note] InnoDB: Creating shared tablespace for temporary tables
2025-09-13 21:04:50 0 [Note] InnoDB: Setting file 'C:\xampp\mysql\data\ibtmp1' size to 12 MB. Physically writing the file full; Please wait ...
2025-09-13 21:04:50 0 [Note] InnoDB: File 'C:\xampp\mysql\data\ibtmp1' size is now 12 MB.
2025-09-13 21:04:50 0 [Note] InnoDB: Waiting for purge to start
2025-09-13 21:04:50 0 [Note] InnoDB: 10.4.32 started; log sequence number 307099; transaction id 211
2025-09-13 21:04:50 0 [Note] InnoDB: Loading buffer pool(s) from C:\xampp\mysql\data\ib_buffer_pool
2025-09-13 21:04:50 0 [Note] Plugin 'FEEDBACK' is disabled.
2025-09-13 21:04:50 0 [Note] Server socket created on IP: '::'.
2025-09-14 19:27:25 0 [Note] Starting MariaDB 10.4.32-MariaDB source revision c4143f909528e3fab0677a28631d10389354c491 as process 2436
2025-09-14 19:27:25 0 [Note] mysqld.exe: Aria engine: starting recovery
recovered pages: 0% 30% 44% 100% (0.0 seconds); tables to flush: 1 0
 (0.0 seconds); 
2025-09-14 19:27:25 0 [Note] mysqld.exe: Aria engine: recovery done
2025-09-14 19:27:25 0 [Note] InnoDB: Mutexes and rw_locks use Windows interlocked functions
2025-09-14 19:27:25 0 [Note] InnoDB: Uses event mutexes
2025-09-14 19:27:25 0 [Note] InnoDB: Compressed tables use zlib 1.3
2025-09-14 19:27:25 0 [Note] InnoDB: Number of pools: 1
2025-09-14 19:27:25 0 [Note] InnoDB: Using SSE2 crc32 instructions
2025-09-14 19:27:25 0 [Note] InnoDB: Initializing buffer pool, total size = 16M, instances = 1, chunk size = 16M
2025-09-14 19:27:25 0 [Note] InnoDB: Completed initialization of buffer pool
2025-09-14 19:27:25 0 [Note] InnoDB: Starting crash recovery from checkpoint LSN=307522
2025-09-14 19:27:25 0 [Note] InnoDB: 128 out of 128 rollback segments are active.
2025-09-14 19:27:25 0 [Note] InnoDB: Removed temporary tablespace data file: "ibtmp1"
2025-09-14 19:27:25 0 [Note] InnoDB: Creating shared tablespace for temporary tables
2025-09-14 19:27:25 0 [Note] InnoDB: Setting file 'C:\xampp\mysql\data\ibtmp1' size to 12 MB. Physically writing the file full; Please wait ...
2025-09-14 19:27:25 0 [Note] InnoDB: File 'C:\xampp\mysql\data\ibtmp1' size is now 12 MB.
2025-09-14 19:27:25 0 [Note] InnoDB: Waiting for purge to start
2025-09-14 19:27:25 0 [Note] InnoDB: 10.4.32 started; log sequence number 307531; transaction id 234
2025-09-14 19:27:25 0 [Note] InnoDB: Loading buffer pool(s) from C:\xampp\mysql\data\ib_buffer_pool
2025-09-14 19:27:25 0 [Note] Plugin 'FEEDBACK' is disabled.
2025-09-14 19:27:25 0 [Note] InnoDB: Buffer pool(s) load completed at 250914 19:27:25
2025-09-14 19:27:25 0 [Note] Server socket created on IP: '::'.
2025-09-14 19:33:40 0 [Note] Starting MariaDB 10.4.32-MariaDB source revision c4143f909528e3fab0677a28631d10389354c491 as process 7624
2025-09-14 19:33:40 0 [Note] InnoDB: Mutexes and rw_locks use Windows interlocked functions
2025-09-14 19:33:40 0 [Note] InnoDB: Uses event mutexes
2025-09-14 19:33:40 0 [Note] InnoDB: Compressed tables use zlib 1.3
2025-09-14 19:33:40 0 [Note] InnoDB: Number of pools: 1
2025-09-14 19:33:40 0 [Note] InnoDB: Using SSE2 crc32 instructions
2025-09-14 19:33:40 0 [Note] InnoDB: Initializing buffer pool, total size = 16M, instances = 1, chunk size = 16M
2025-09-14 19:33:40 0 [Note] InnoDB: Completed initialization of buffer pool
2025-09-14 19:33:40 0 [Note] InnoDB: Starting crash recovery from checkpoint LSN=307540
2025-09-14 19:33:40 0 [Note] InnoDB: 128 out of 128 rollback segments are active.
2025-09-14 19:33:40 0 [Note] InnoDB: Removed temporary tablespace data file: "ibtmp1"
2025-09-14 19:33:40 0 [Note] InnoDB: Creating shared tablespace for temporary tables
2025-09-14 19:33:40 0 [Note] InnoDB: Setting file 'C:\xampp\mysql\data\ibtmp1' size to 12 MB. Physically writing the file full; Please wait ...
2025-09-14 19:33:40 0 [Note] InnoDB: File 'C:\xampp\mysql\data\ibtmp1' size is now 12 MB.
2025-09-14 19:33:40 0 [Note] InnoDB: Waiting for purge to start
2025-09-14 19:33:40 0 [Note] InnoDB: 10.4.32 started; log sequence number 307549; transaction id 234
2025-09-14 19:33:40 0 [Note] InnoDB: Loading buffer pool(s) from C:\xampp\mysql\data\ib_buffer_pool
2025-09-14 19:33:40 0 [Note] Plugin 'FEEDBACK' is disabled.
2025-09-14 19:33:40 0 [Note] Server socket created on IP: '::'.
